'solc --version' running
'solc /home/sallyjunsongwang/SmartInv/tests/contracts/0x2f71eaf179404bfba0c2eb32947d0cd341bb1672.sol --combined-json abi,ast,bin,bin-runtime,srcmap,srcmap-runtime,userdoc,devdoc' running
Compilation warnings/errors on /home/sallyjunsongwang/SmartInv/tests/contracts/0x2f71eaf179404bfba0c2eb32947d0cd341bb1672.sol:
/home/sallyjunsongwang/SmartInv/tests/contracts/0x2f71eaf179404bfba0c2eb32947d0cd341bb1672.sol:1:1: Error: Expected import directive or contract definition.
{{
^

Traceback (most recent call last):
  File "/home/sallyjunsongwang/SmartInv/.venv/lib/python3.11/site-packages/crytic_compile/platform/solc.py", line 582, in _run_solc
    ret: Dict = json.loads(stdout)
                ^^^^^^^^^^^^^^^^^^
  File "/usr/local/lib/python3.11/json/__init__.py", line 346, in loads
    return _default_decoder.decode(s)
           ^^^^^^^^^^^^^^^^^^^^^^^^^^
  File "/usr/local/lib/python3.11/json/decoder.py", line 337, in decode
    obj, end = self.raw_decode(s, idx=_w(s, 0).end())
               ^^^^^^^^^^^^^^^^^^^^^^^^^^^^^^^^^^^^^^
  File "/usr/local/lib/python3.11/json/decoder.py", line 355, in raw_decode
    raise JSONDecodeError("Expecting value", s, err.value) from None
json.decoder.JSONDecodeError: Expecting value: line 1 column 1 (char 0)

During handling of the above exception, another exception occurred:

Traceback (most recent call last):
  File "/home/sallyjunsongwang/SmartInv/.venv/bin/slither", line 8, in <module>
    sys.exit(main())
             ^^^^^^
  File "/home/sallyjunsongwang/SmartInv/.venv/lib/python3.11/site-packages/slither/__main__.py", line 753, in main
    main_impl(all_detector_classes=detectors, all_printer_classes=printers)
  File "/home/sallyjunsongwang/SmartInv/.venv/lib/python3.11/site-packages/slither/__main__.py", line 859, in main_impl
    ) = process_all(filename, args, detector_classes, printer_classes)
        ^^^^^^^^^^^^^^^^^^^^^^^^^^^^^^^^^^^^^^^^^^^^^^^^^^^^^^^^^^^^^^
  File "/home/sallyjunsongwang/SmartInv/.venv/lib/python3.11/site-packages/slither/__main__.py", line 96, in process_all
    compilations = compile_all(target, **vars(args))
                   ^^^^^^^^^^^^^^^^^^^^^^^^^^^^^^^^^
  File "/home/sallyjunsongwang/SmartInv/.venv/lib/python3.11/site-packages/crytic_compile/crytic_compile.py", line 722, in compile_all
    compilations.append(CryticCompile(target, **kwargs))
                        ^^^^^^^^^^^^^^^^^^^^^^^^^^^^^^^
  File "/home/sallyjunsongwang/SmartInv/.venv/lib/python3.11/site-packages/crytic_compile/crytic_compile.py", line 211, in __init__
    self._compile(**kwargs)
  File "/home/sallyjunsongwang/SmartInv/.venv/lib/python3.11/site-packages/crytic_compile/crytic_compile.py", line 633, in _compile
    self._platform.compile(self, **kwargs)
  File "/home/sallyjunsongwang/SmartInv/.venv/lib/python3.11/site-packages/crytic_compile/platform/solc.py", line 151, in compile
    targets_json = _get_targets_json(compilation_unit, self._target, **kwargs)
                   ^^^^^^^^^^^^^^^^^^^^^^^^^^^^^^^^^^^^^^^^^^^^^^^^^^^^^^^^^^^
  File "/home/sallyjunsongwang/SmartInv/.venv/lib/python3.11/site-packages/crytic_compile/platform/solc.py", line 280, in _get_targets_json
    return _run_solc(
           ^^^^^^^^^^
  File "/home/sallyjunsongwang/SmartInv/.venv/lib/python3.11/site-packages/crytic_compile/platform/solc.py", line 586, in _run_solc
    raise InvalidCompilation(f"Invalid solc compilation {stderr}")
crytic_compile.platform.exceptions.InvalidCompilation: Invalid solc compilation /home/sallyjunsongwang/SmartInv/tests/contracts/0x2f71eaf179404bfba0c2eb32947d0cd341bb1672.sol:1:1: Error: Expected import directive or contract definition.
{{
^

